[debug] [2017-10-07T16:30:33.050Z] ----------------------------------------------------------------------
[debug] [2017-10-07T16:30:33.053Z] Command:       /usr/local/Cellar/node/8.0.0_1/bin/node /usr/local/bin/firebase deploy
[debug] [2017-10-07T16:30:33.054Z] CLI Version:   3.13.1
[debug] [2017-10-07T16:30:33.054Z] Platform:      darwin
[debug] [2017-10-07T16:30:33.054Z] Node Version:  v6.9.5
[debug] [2017-10-07T16:30:33.055Z] Time:          Sat Oct 07 2017 17:30:33 GMT+0100 (BST)
[debug] [2017-10-07T16:30:33.055Z] ----------------------------------------------------------------------
[debug] 
[debug] [2017-10-07T16:30:33.071Z] > command requires scopes: ["email","openid","https://www.googleapis.com/auth/cloudplatformprojects.readonly","https://www.googleapis.com/auth/firebase","https://www.googleapis.com/auth/cloud-platform"]
[debug] [2017-10-07T16:30:33.071Z] > authorizing via signed-in user
[debug] [2017-10-07T16:30:33.073Z] >>> HTTP REQUEST GET https://admin.firebase.com/v1/projects/lucy-webster  
 Sat Oct 07 2017 17:30:33 GMT+0100 (BST)
[debug] [2017-10-07T16:30:33.733Z] <<< HTTP RESPONSE 200
[debug] [2017-10-07T16:30:33.735Z] >>> HTTP REQUEST GET https://admin.firebase.com/v1/database/lucy-webster/tokens  
 Sat Oct 07 2017 17:30:33 GMT+0100 (BST)
[debug] [2017-10-07T16:30:34.305Z] <<< HTTP RESPONSE 200
[info] 1
[info] 
[info] === Deploying to 'lucy-webster'...
[info] 
[info] i  deploying hosting
[info] i  hosting: preparing build directory for upload...
[debug] [2017-10-07T16:30:48.192Z] >>> HTTP REQUEST PUT https://deploy.firebase.com/v1/hosting/lucy-webster/uploads/-Kvrf854W16Kzge5WQMc?fileCount=52&message=  
 Sat Oct 07 2017 17:30:48 GMT+0100 (BST)
